\BOOKMARK [0][]{chapter*.1}{Index}{}% 1
\BOOKMARK [0][]{chapter*.3}{Tuesday, 8 May 2018}{}% 2
\BOOKMARK [0][]{chapter*.4}{Monday, 14 May 2018}{}% 3
\BOOKMARK [1][]{experiment.2.1}{Example experiment}{chapter*.4}% 4
\BOOKMARK [2][]{subexperiment.2.1.1}{Example sub-experiment}{experiment.2.1}% 5
\BOOKMARK [0][]{chapter*.5}{Monday, 21 May 2018}{}% 6
\BOOKMARK [0][]{chapter*.6}{Tuesday, 29 May 2018}{}% 7
\BOOKMARK [0][]{chapter*.7}{Saturday, 2 May 2018}{}% 8
\BOOKMARK [0][]{chapter*.8}{Monday, 11 June 2018}{}% 9
\BOOKMARK [0][]{chapter*.9}{Thursday, 5 July 2018}{}% 10
\BOOKMARK [0][]{chapter*.10}{Thursday Aug. 02, 2018}{}% 11
\BOOKMARK [0][]{chapter*.11}{Monday, 11 June 2018}{}% 12
\BOOKMARK [0][]{chapter*.12}{Friday, 24 August 2018}{}% 13
\BOOKMARK [0][]{chapter*.13}{Tuesday, 28 August 2018}{}% 14
\BOOKMARK [0][]{chapter*.15}{Thursday, 30 August 2018}{}% 15
\BOOKMARK [0][]{chapter*.16}{Tuesday, 4 September 2018}{}% 16
\BOOKMARK [0][]{chapter*.17}{Thursday, 6 September 2018}{}% 17
\BOOKMARK [0][]{chapter*.18}{Friday, 7 September 2018}{}% 18
\BOOKMARK [0][]{chapter*.19}{September 4, 2018}{}% 19
\BOOKMARK [0][]{chapter*.20}{Friday, 31 August 2018}{}% 20
\BOOKMARK [0][]{chapter*.21}{September 10, 2018}{}% 21
\BOOKMARK [0][]{chapter*.22}{September 11, 2018}{}% 22
\BOOKMARK [0][]{chapter*.23}{September 13, 2018}{}% 23
\BOOKMARK [0][]{chapter*.24}{September 14, 2018}{}% 24
\BOOKMARK [0][]{chapter*.25}{September 18, 2018}{}% 25
\BOOKMARK [0][]{chapter*.26}{September 20, 2018}{}% 26
\BOOKMARK [0][]{chapter*.27}{September 21, 2018}{}% 27
\BOOKMARK [0][]{chapter*.28}{Monday September 24}{}% 28
\BOOKMARK [0][]{chapter*.29}{Tuesday September 25,2018}{}% 29
\BOOKMARK [0][]{chapter*.30}{Thursday September 27,2018}{}% 30
\BOOKMARK [0][]{chapter*.31}{Tuesday October 2, 2018}{}% 31
\BOOKMARK [0][]{chapter*.32}{October 4, 2018}{}% 32
\BOOKMARK [0][]{chapter*.33}{October 11, 2018}{}% 33
\BOOKMARK [0][]{chapter*.34}{October 12, 2018}{}% 34
\BOOKMARK [0][]{chapter*.35}{October 16 2018}{}% 35
\BOOKMARK [0][]{chapter*.36}{October 18 2018}{}% 36
\BOOKMARK [0][]{chapter*.37}{October 23 2018}{}% 37
\BOOKMARK [0][]{chapter*.38}{October 25 2018}{}% 38
\BOOKMARK [0][]{chapter*.39}{October 26, 2018}{}% 39
\BOOKMARK [0][]{chapter*.40}{October 29, 2018}{}% 40
\BOOKMARK [0][]{chapter*.41}{October 30, 2018}{}% 41
\BOOKMARK [0][]{chapter*.42}{October 31,2018}{}% 42
\BOOKMARK [0][]{chapter*.43}{November 1, 2018}{}% 43
\BOOKMARK [0][]{chapter*.44}{Noveber 2, 2018}{}% 44
\BOOKMARK [0][]{chapter*.45}{November 6, 2018}{}% 45
\BOOKMARK [0][]{chapter*.46}{November 8, 2018}{}% 46
\BOOKMARK [0][]{chapter*.47}{November 9, 2018}{}% 47
\BOOKMARK [0][]{chapter*.48}{November 11, 2018}{}% 48
\BOOKMARK [1][]{experiment.45.1}{HVAC Modeling}{chapter*.48}% 49
\BOOKMARK [0][]{chapter*.49}{November 13, 2018}{}% 50
\BOOKMARK [0][]{chapter*.50}{November 16, 2018}{}% 51
\BOOKMARK [0][]{chapter*.51}{November 27, 2018}{}% 52
\BOOKMARK [0][]{chapter*.52}{November 30, 2018}{}% 53
\BOOKMARK [0][]{chapter*.53}{December 11, 2018}{}% 54
\BOOKMARK [0][]{chapter*.54}{January 23, 2019}{}% 55
\BOOKMARK [0][]{chapter*.55}{January 24, 2019}{}% 56
\BOOKMARK [0][]{chapter*.56}{January 29, 2019}{}% 57
\BOOKMARK [0][]{chapter*.57}{January 31, 2019}{}% 58
\BOOKMARK [0][]{chapter*.58}{February 1, 2019}{}% 59
\BOOKMARK [0][]{chapter*.59}{February 5,2019}{}% 60
\BOOKMARK [0][]{chapter*.60}{February 6,2019}{}% 61
\BOOKMARK [0][]{chapter*.61}{February 7, 2019}{}% 62
\BOOKMARK [0][]{chapter*.62}{February 8, 2019}{}% 63
\BOOKMARK [0][]{chapter*.63}{February 12, 2019}{}% 64
\BOOKMARK [0][]{chapter*.64}{February 14,2019}{}% 65
\BOOKMARK [0][]{chapter*.65}{February 19}{}% 66
\BOOKMARK [0][]{chapter*.66}{February 22,2019}{}% 67
\BOOKMARK [0][]{chapter*.67}{February 26.2019}{}% 68
\BOOKMARK [0][]{chapter*.68}{February 28, 2019}{}% 69
\BOOKMARK [0][]{chapter*.69}{March 5, 2019}{}% 70
\BOOKMARK [0][]{chapter*.70}{March 6}{}% 71
\BOOKMARK [0][]{chapter*.72}{March 8, 2019}{}% 72
\BOOKMARK [0][]{chapter*.73}{March 12, 2019}{}% 73
\BOOKMARK [0][]{chapter*.74}{March 13, 2019}{}% 74
\BOOKMARK [0][]{chapter*.75}{March 24, 2019}{}% 75
\BOOKMARK [0][]{chapter*.76}{April 2, 2019}{}% 76
\BOOKMARK [0][]{chapter*.77}{April 4, 2019}{}% 77
\BOOKMARK [0][]{chapter*.78}{April 9, 2019}{}% 78
\BOOKMARK [0][]{chapter*.80}{April 10, 2019}{}% 79
\BOOKMARK [0][]{chapter*.81}{April 11, 2019}{}% 80
\BOOKMARK [0][]{chapter*.82}{April 16}{}% 81
\BOOKMARK [0][]{chapter*.83}{Arpil 18, 2019}{}% 82
